============================= test session starts ==============================
platform linux -- Python 3.12.13, pytest-9.1.0, pluggy-1.6.0 -- /opt/hostedtoolcache/Python/3.12.13/x64/bin/python
cachedir: .pytest_cache
rootdir: /home/runner/work/lyra/lyra/artifacts/unitConverter
plugins: anyio-4.13.0
collecting ... collected 15 items

tests/test_conversions.py::TestMilesToKm::test_zero_miles_returns_zero_point_zero PASSED [  6%]
tests/test_conversions.py::TestMilesToKm::test_one_mile_returns_expected_rounded_kilometers PASSED [ 13%]
tests/test_conversions.py::TestMilesToKm::test_common_inputs_return_expected_values[5-8.047] PASSED [ 20%]
tests/test_conversions.py::TestMilesToKm::test_common_inputs_return_expected_values[10-16.093] PASSED [ 26%]
tests/test_conversions.py::TestMilesToKm::test_common_inputs_return_expected_values[2.5-4.023] PASSED [ 33%]
tests/test_conversions.py::TestMilesToKm::test_integer_input_returns_float PASSED [ 40%]
tests/test_conversions.py::TestMilesToKm::test_negative_input_converts_and_rounds_mathematically PASSED [ 46%]
tests/test_conversions.py::TestMilesToKm::test_very_small_input_rounds_to_three_decimals PASSED [ 53%]
tests/test_conversions.py::TestMilesToKm::test_value_with_more_than_three_decimals_is_rounded_correctly PASSED [ 60%]
tests/test_conversions.py::TestMilesToKm::test_very_large_input_returns_correctly_rounded_result PASSED [ 66%]
tests/test_conversions.py::TestMilesToKm::test_function_is_importable_from_package_level PASSED [ 73%]
tests/test_conversions.py::TestCelsiusToFahrenheitRegression::test_existing_conversion_behavior_remains_unchanged[0-32.0] PASSED [ 80%]
tests/test_conversions.py::TestCelsiusToFahrenheitRegression::test_existing_conversion_behavior_remains_unchanged[100-212.0] PASSED [ 86%]
tests/test_conversions.py::TestCelsiusToFahrenheitRegression::test_existing_conversion_behavior_remains_unchanged[-40--40.0] PASSED [ 93%]
tests/test_conversions.py::TestCelsiusToFahrenheitRegression::test_existing_conversion_behavior_remains_unchanged[37-98.6] PASSED [100%]

============================== 15 passed in 0.03s ==============================